0x11 -> load string
0x33 -> write to stack


pwndbg> tele $rax
00:0000│ rax 0x555d1cc033be ◂— 0x10081
01:0008│     0x555d1cc033c6 ◂— 0x5f5f5f5f20119000
02:0010│     0x555d1cc033ce ◂— 0x3320205f /* '_  3' */
03:0018│     0x555d1cc033d6 ◂— 0x2020201100000000
04:0020│     0x555d1cc033de ◂— 0x8335f5f5f2020
05:0028│     0x555d1cc033e6 ◂— 0x2011000000000000
06:0030│     0x555d1cc033ee ◂— 0x335f5f5f5f5f2020 ('  _____3')
07:0038│     0x555d1cc033f6 ◂— 0x10


0x561696c03020:	0x000001008203a57e
pwndbg> 
0x561696c03028:	0x2323231100000000
pwndbg> 
0x561696c03030:	0x0000332323232323
pwndbg> 
0x561696c03038:	0x2311000000000000
pwndbg> 
0x561696c03040:	0x3323232323232323
pwndbg> 
0x561696c03048:	0x0000000000000008


 RAX  0x1
 RBX  0x0
 RCX  0x5634f8403358 ◂— 'Now,I re3'
 RDX  0x5634fa298010 ◂— 0x0
 RDI  0x0
 RSI  0x5634fa29ad68 ◂— 0x6161616261616161 ('aaaabaaa')
 R8   0x7f0e8e08c700 ◂— 0x7f0e8e08c700
 R9   0xd
 R10  0x7f0e8de63b78 (main_arena+88) —▸ 0x5634fa29b060 ◂— 0x6861617168616170 ('paahqaah')
 R11  0x246
 R12  0x5634f8200990 ◂— xor    ebp, ebp
 R13  0x7ffc3ab54ab0 ◂— 0x1
 R14  0x0
 R15  0x0
 RBP  0x7ffc3ab549d0 —▸ 0x5634f8201740 ◂— push   r15
 RSP  0x7ffc3ab549a0 ◂— 0x0
*RIP  0x5634f8200caf ◂— ja     0x5634f8201706
───────────────────────────────────────────────────[ DISASM ]────────────────────────────────────────────────────
   0x5634f8200c9e    movzx  eax, al
   0x5634f8200ca1    mov    dword ptr [rbp - 0x28], eax
   0x5634f8200ca4    mov    eax, dword ptr [rbp - 0x28]
   0x5634f8200ca7    sub    eax, 0x10
   0x5634f8200caa    cmp    eax, 0xef
 ► 0x5634f8200caf    ja     0x5634f8201706                <0x5634f8201706>
